<?xml version="1.0" encoding="UTF-8"?>
<testsuite xmlns:xsi="http://www.w3.org/2001/XMLSchema-instance" xsi:noNamespaceSchemaLocation="https://maven.apache.org/surefire/maven-surefire-plugin/xsd/surefire-test-report.xsd" name="gettyimages2.refactored.GettyImagesWebDriverTest" time="29.672" tests="5" errors="2" skipped="0" failures="0">
  <properties>
[...]
</properties>
  <testcase name="authorizationTest" classname="gettyimages2.refactored.GettyImagesWebDriverTest" time="7.247"/>
  <testcase name="addPhotosToCart" classname="gettyimages2.refactored.GettyImagesWebDriverTest" time="12.913"/>
  <testcase name="removePhotos" classname="gettyimages2.refactored.GettyImagesWebDriverTest" time="1.513"/>
  <testcase name="catsSearch" classname="gettyimages2.refactored.GettyImagesWebDriverTest" time="3.942">
    <error message="no such element: Unable to locate element: {&quot;method&quot;:&quot;xpath&quot;,&quot;selector&quot;:&quot;//*[@id=&quot;react_buy_card&quot;]/div/div/div[3]/div[1]/button&quot;}&#10;  (Session info: chrome=104.0.5112.29)&#10;For documentation on this error, please visit: https://www.seleniumhq.org/exceptions/no_such_element.html&#10;Build info: version: &apos;3.141.59&apos;, revision: &apos;e82be7d358&apos;, time: &apos;2018-11-14T08:17:03&apos;&#10;System info: host: &apos;HOME-PC&apos;, ip: &apos;192.168.0.169&apos;, os.name: &apos;Windows 10&apos;, os.arch: &apos;amd64&apos;, os.version: &apos;10.0&apos;, java.version: &apos;11.0.14&apos;&#10;Driver info: org.openqa.selenium.chrome.ChromeDriver&#10;Capabilities {acceptInsecureCerts: false, browserName: chrome, browserVersion: 104.0.5112.29, chrome: {chromedriverVersion: 104.0.5112.20 (9ac43f954ebb..., userDataDir: C:\Temp\scoped_dir13668_990...}, goog:chromeOptions: {debuggerAddress: localhost:61318}, javascriptEnabled: true, networkConnectionEnabled: false, pageLoadStrategy: normal, platform: WINDOWS, platformName: WINDOWS, proxy: Proxy(), setWindowRect: true, strictFileInteractability: false, timeouts: {implicit: 0, pageLoad: 300000, script: 30000}, unhandledPromptBehavior: dismiss and notify, webauthn:extension:credBlob: true, webauthn:extension:largeBlob: true, webauthn:virtualAuthenticators: true}&#10;Session ID: a96d37f08d957131cbac436bf0a0e7d1&#10;*** Element info: {Using=xpath, value=//*[@id=&quot;react_buy_card&quot;]/div/div/div[3]/div[1]/button}" type="org.openqa.selenium.NoSuchElementException">org.openqa.selenium.NoSuchElementException: 
no such element: Unable to locate element: {"method":"xpath","selector":"//*[@id="react_buy_card"]/div/div/div[3]/div[1]/button"}
  (Session info: chrome=104.0.5112.29)
For documentation on this error, please visit: https://www.seleniumhq.org/exceptions/no_such_element.html
Build info: version: '3.141.59', revision: 'e82be7d358', time: '2018-11-14T08:17:03'
System info: host: 'HOME-PC', ip: '192.168.0.169', os.name: 'Windows 10', os.arch: 'amd64', os.version: '10.0', java.version: '11.0.14'
Driver info: org.openqa.selenium.chrome.ChromeDriver
Capabilities {acceptInsecureCerts: false, browserName: chrome, browserVersion: 104.0.5112.29, chrome: {chromedriverVersion: 104.0.5112.20 (9ac43f954ebb..., userDataDir: C:\Temp\scoped_dir13668_990...}, goog:chromeOptions: {debuggerAddress: localhost:61318}, javascriptEnabled: true, networkConnectionEnabled: false, pageLoadStrategy: normal, platform: WINDOWS, platformName: WINDOWS, proxy: Proxy(), setWindowRect: true, strictFileInteractability: false, timeouts: {implicit: 0, pageLoad: 300000, script: 30000}, unhandledPromptBehavior: dismiss and notify, webauthn:extension:credBlob: true, webauthn:extension:largeBlob: true, webauthn:virtualAuthenticators: true}
Session ID: a96d37f08d957131cbac436bf0a0e7d1
*** Element info: {Using=xpath, value=//*[@id="react_buy_card"]/div/div/div[3]/div[1]/button}
	at gettyimages2.refactored.GettyImagesWebDriverTest.catsSearch(GettyImagesWebDriverTest.java:81)
</error>
    <system-out><![CDATA[23:49:31.661 [main]  INFO  g.r.GettyImagesWebDriverTest - Cats search test has been started...
]]></system-out>
  </testcase>
  <testcase name="signOut" classname="gettyimages2.refactored.GettyImagesWebDriverTest" time="0.023">
    <error message="no such element: Unable to locate element: {&quot;method&quot;:&quot;xpath&quot;,&quot;selector&quot;:&quot;//*[@id=&quot;site-top-header-wrapper&quot;]/header-side-panels/div[6]/div[3]/button&quot;}&#10;  (Session info: chrome=104.0.5112.29)&#10;For documentation on this error, please visit: https://www.seleniumhq.org/exceptions/no_such_element.html&#10;Build info: version: &apos;3.141.59&apos;, revision: &apos;e82be7d358&apos;, time: &apos;2018-11-14T08:17:03&apos;&#10;System info: host: &apos;HOME-PC&apos;, ip: &apos;192.168.0.169&apos;, os.name: &apos;Windows 10&apos;, os.arch: &apos;amd64&apos;, os.version: &apos;10.0&apos;, java.version: &apos;11.0.14&apos;&#10;Driver info: org.openqa.selenium.chrome.ChromeDriver&#10;Capabilities {acceptInsecureCerts: false, browserName: chrome, browserVersion: 104.0.5112.29, chrome: {chromedriverVersion: 104.0.5112.20 (9ac43f954ebb..., userDataDir: C:\Temp\scoped_dir13668_990...}, goog:chromeOptions: {debuggerAddress: localhost:61318}, javascriptEnabled: true, networkConnectionEnabled: false, pageLoadStrategy: normal, platform: WINDOWS, platformName: WINDOWS, proxy: Proxy(), setWindowRect: true, strictFileInteractability: false, timeouts: {implicit: 0, pageLoad: 300000, script: 30000}, unhandledPromptBehavior: dismiss and notify, webauthn:extension:credBlob: true, webauthn:extension:largeBlob: true, webauthn:virtualAuthenticators: true}&#10;Session ID: a96d37f08d957131cbac436bf0a0e7d1&#10;*** Element info: {Using=xpath, value=//*[@id=&quot;site-top-header-wrapper&quot;]/header-side-panels/div[6]/div[3]/button}" type="org.openqa.selenium.NoSuchElementException">org.openqa.selenium.NoSuchElementException: 
no such element: Unable to locate element: {"method":"xpath","selector":"//*[@id="site-top-header-wrapper"]/header-side-panels/div[6]/div[3]/button"}
  (Session info: chrome=104.0.5112.29)
For documentation on this error, please visit: https://www.seleniumhq.org/exceptions/no_such_element.html
Build info: version: '3.141.59', revision: 'e82be7d358', time: '2018-11-14T08:17:03'
System info: host: 'HOME-PC', ip: '192.168.0.169', os.name: 'Windows 10', os.arch: 'amd64', os.version: '10.0', java.version: '11.0.14'
Driver info: org.openqa.selenium.chrome.ChromeDriver
Capabilities {acceptInsecureCerts: false, browserName: chrome, browserVersion: 104.0.5112.29, chrome: {chromedriverVersion: 104.0.5112.20 (9ac43f954ebb..., userDataDir: C:\Temp\scoped_dir13668_990...}, goog:chromeOptions: {debuggerAddress: localhost:61318}, javascriptEnabled: true, networkConnectionEnabled: false, pageLoadStrategy: normal, platform: WINDOWS, platformName: WINDOWS, proxy: Proxy(), setWindowRect: true, strictFileInteractability: false, timeouts: {implicit: 0, pageLoad: 300000, script: 30000}, unhandledPromptBehavior: dismiss and notify, webauthn:extension:credBlob: true, webauthn:extension:largeBlob: true, webauthn:virtualAuthenticators: true}
Session ID: a96d37f08d957131cbac436bf0a0e7d1
*** Element info: {Using=xpath, value=//*[@id="site-top-header-wrapper"]/header-side-panels/div[6]/div[3]/button}
	at gettyimages2.refactored.GettyImagesWebDriverTest.signOut(GettyImagesWebDriverTest.java:92)
</error>
    <system-out><![CDATA[23:49:35.603 [main]  INFO  g.r.GettyImagesWebDriverTest - Sign out test has been started...
]]></system-out>
  </testcase>
</testsuite>